Log file open, 04/16/18 17:37:55
LogWindows: Failed to load 'aqProf.dll' (GetLastError=126)
LogWindows: File 'aqProf.dll' does not exist
LogWindows: Failed to load 'VSPerf140.dll' (GetLastError=126)
LogWindows: File 'VSPerf140.dll' does not exist
LogWindows: Failed to load 'VtuneApi.dll' (GetLastError=126)
LogWindows: File 'VtuneApi.dll' does not exist
LogWindows: Failed to load 'VtuneApi32e.dll' (GetLastError=126)
LogWindows: File 'VtuneApi32e.dll' does not exist
LogInit: Display: Running engine for game: Projet_VsE
LogPlatformFile: Not using cached read wrapper
LogInit: Display: RandInit(1842951303) SRandInit(1842951304).
LogInit: Read version file with build ID '3898826'
LogInit: Overriding engine version to CL 3898826, compatible CL 3898826
LogInit: Registered custom module enumerator with build ID '3898826'
LogTaskGraph: Started task graph with 5 named threads and 23 total threads with 3 sets of task threads.
LogStats: Stats thread started at 0.259854
LogD3D11RHI: Aftermath initialized
LogICUInternationalization: Display: ICU TimeZone Detection - Raw Offset: +1:00, Platform Override: ''
LogPluginManager: Mounting plugin Paper2D
LogPluginManager: Mounting plugin LiveLink
LogPluginManager: Mounting plugin LightPropagationVolume
LogPluginManager: Mounting plugin CLionSourceCodeAccess
LogPluginManager: Mounting plugin CodeLiteSourceCodeAccess
LogPluginManager: Mounting plugin GitSourceControl
LogPluginManager: Mounting plugin KDevelopSourceCodeAccess
LogPluginManager: Mounting plugin NullSourceCodeAccess
LogPluginManager: Mounting plugin PerforceSourceControl
LogPluginManager: Mounting plugin SubversionSourceControl
LogPluginManager: Mounting plugin UObjectPlugin
LogPluginManager: Mounting plugin VisualStudioCodeSourceCodeAccess
LogPluginManager: Mounting plugin VisualStudioSourceCodeAccess
LogPluginManager: Mounting plugin XCodeSourceCodeAccess
LogPluginManager: Mounting plugin AssetManagerEditor
LogPluginManager: Mounting plugin CryptoKeys
LogPluginManager: Mounting plugin DataValidation
LogPluginManager: Mounting plugin FacialAnimation
LogPluginManager: Mounting plugin GameplayTagsEditor
LogPluginManager: Mounting plugin MobileLauncherProfileWizard
LogPluginManager: Mounting plugin PluginBrowser
LogPluginManager: Mounting plugin SpeedTreeImporter
LogPluginManager: Mounting plugin DatasmithContent
LogPluginManager: Mounting plugin AlembicImporter
LogPluginManager: Mounting plugin CharacterAI
LogPluginManager: Mounting plugin HTML5Networking
LogPluginManager: Mounting plugin ProxyLODPlugin
LogPluginManager: Mounting plugin AndroidMedia
LogPluginManager: Mounting plugin AvfMedia
LogPluginManager: Mounting plugin ImgMedia
LogPluginManager: Mounting plugin LinearTimecode
LogPluginManager: Mounting plugin MediaCompositing
LogPluginManager: Mounting plugin MediaPlayerEditor
LogPluginManager: Mounting plugin WmfMedia
LogPluginManager: Mounting plugin TcpMessaging
LogPluginManager: Mounting plugin UdpMessaging
LogPluginManager: Mounting plugin ActorSequence
LogPluginManager: Mounting plugin LevelSequenceEditor
LogPluginManager: Mounting plugin MatineeToLevelSequence
LogPluginManager: Mounting plugin NetcodeUnitTest
LogPluginManager: Mounting plugin NUTUnrealEngine4
LogPluginManager: Mounting plugin OnlineSubsystemGooglePlay
LogPluginManager: Mounting plugin OnlineSubsystemIOS
LogPluginManager: Mounting plugin OnlineSubsystem
LogPluginManager: Mounting plugin OnlineSubsystemNull
LogPluginManager: Mounting plugin OnlineSubsystemUtils
LogPluginManager: Mounting plugin AndroidDeviceProfileSelector
LogPluginManager: Mounting plugin AndroidMoviePlayer
LogPluginManager: Mounting plugin AndroidPermission
LogPluginManager: Mounting plugin AppleARKit
LogPluginManager: Mounting plugin AppleMoviePlayer
LogPluginManager: Mounting plugin ArchVisCharacter
LogPluginManager: Mounting plugin AudioCapture
LogPluginManager: Mounting plugin CableComponent
LogPluginManager: Mounting plugin CustomMeshComponent
LogPluginManager: Mounting plugin ExampleDeviceProfileSelector
LogPluginManager: Mounting plugin GoogleCloudMessaging
LogPluginManager: Mounting plugin ImmediatePhysics
LogPluginManager: Mounting plugin IOSDeviceProfileSelector
LogPluginManager: Mounting plugin LinuxDeviceProfileSelector
LogPluginManager: Mounting plugin LocationServicesBPLibrary
LogPluginManager: Mounting plugin MobilePatchingUtils
LogPluginManager: Mounting plugin OculusVR
LogPluginManager: Plugin shader directory ../../../Engine/Plugins/Runtime/Oculus/OculusVR/Shaders found
LogPluginManager: Mapping shader source directory ../../../Engine/Plugins/Runtime/Oculus/OculusVR/Shaders to virtual directory /Plugin/OculusVR
LogPluginManager: Mounting plugin PhysXVehicles
LogPluginManager: Mounting plugin ProceduralMeshComponent
LogPluginManager: Mounting plugin RuntimePhysXCooking
LogPluginManager: Mounting plugin SteamVR
LogPluginManager: Mounting plugin WindowsMoviePlayer
LogStreaming: Display: Took  0.077s to configure plugins.
LogModuleManager: Display: Found up-to-date module file ../../../../../../Users/Gautier/Documents/Unreal Projects/Projet_VsE/Binaries/Win64/UE4Editor-Projet_VsE.dll (API version 3898826).
LogModuleManager: Display: Found up-to-date module file ../../../Engine/Plugins/2D/Paper2D/Binaries/Win64/UE4Editor-Paper2D.dll (API version 3898826).
LogModuleManager: Display: Found up-to-date module file ../../../Engine/Plugins/2D/Paper2D/Binaries/Win64/UE4Editor-Paper2DEditor.dll (API version 3898826).
LogModuleManager: Display: Found up-to-date module file ../../../Engine/Plugins/2D/Paper2D/Binaries/Win64/UE4Editor-PaperSpriteSheetImporter.dll (API version 3898826).
LogModuleManager: Display: Found up-to-date module file ../../../Engine/Plugins/2D/Paper2D/Binaries/Win64/UE4Editor-PaperTiledImporter.dll (API version 3898826).
LogModuleManager: Display: Found up-to-date module file ../../../Engine/Plugins/2D/Paper2D/Binaries/Win64/UE4Editor-SmartSnapping.dll (API version 3898826).
LogModuleManager: Display: Found up-to-date module file ../../../Engine/Plugins/Animation/LiveLink/Binaries/Win64/UE4Editor-LiveLink.dll (API version 3898826).
LogModuleManager: Display: Found up-to-date module file ../../../Engine/Plugins/Animation/LiveLink/Binaries/Win64/UE4Editor-LiveLinkEditor.dll (API version 3898826).
LogModuleManager: Display: Found up-to-date module file ../../../Engine/Plugins/Blendables/LightPropagationVolume/Binaries/Win64/UE4Editor-LightPropagationVolumeRuntime.dll (API version 3898826).
LogModuleManager: Display: Found up-to-date module file ../../../Engine/Plugins/Blendables/LightPropagationVolume/Binaries/Win64/UE4Editor-LightPropagationVolumeEditor.dll (API version 3898826).
LogModuleManager: Display: Found up-to-date module file ../../../Engine/Plugins/Developer/CLionSourceCodeAccess/Binaries/Win64/UE4Editor-CLionSourceCodeAccess.dll (API version 3898826).
LogModuleManager: Display: Found up-to-date module file ../../../Engine/Plugins/Developer/GitSourceControl/Binaries/Win64/UE4Editor-GitSourceControl.dll (API version 3898826).
LogModuleManager: Display: Found up-to-date module file ../../../Engine/Plugins/Developer/PerforceSourceControl/Binaries/Win64/UE4Editor-PerforceSourceControl.dll (API version 3898826).
LogModuleManager: Display: Found up-to-date module file ../../../Engine/Plugins/Developer/SubversionSourceControl/Binaries/Win64/UE4Editor-SubversionSourceControl.dll (API version 3898826).
LogModuleManager: Display: Found up-to-date module file ../../../Engine/Plugins/Developer/UObjectPlugin/Binaries/Win64/UE4Editor-UObjectPlugin.dll (API version 3898826).
LogModuleManager: Display: Found up-to-date module file ../../../Engine/Plugins/Developer/VisualStudioCodeSourceCodeAccess/Binaries/Win64/UE4Editor-VisualStudioCodeSourceCodeAccess.dll (API version 3898826).
LogModuleManager: Display: Found up-to-date module file ../../../Engine/Plugins/Developer/VisualStudioSourceCodeAccess/Binaries/Win64/UE4Editor-VisualStudioSourceCodeAccess.dll (API version 3898826).
LogModuleManager: Display: Found up-to-date module file ../../../Engine/Plugins/Editor/AssetManagerEditor/Binaries/Win64/UE4Editor-AssetManagerEditor.dll (API version 3898826).
LogModuleManager: Display: Found up-to-date module file ../../../Engine/Plugins/Editor/CryptoKeys/Binaries/Win64/UE4Editor-CryptoKeys.dll (API version 3898826).
LogModuleManager: Display: Found up-to-date module file ../../../Engine/Plugins/Editor/CryptoKeys/Binaries/Win64/UE4Editor-CryptoKeysOpenSSL.dll (API version 3898826).
LogModuleManager: Display: Found up-to-date module file ../../../Engine/Plugins/Editor/DataValidation/Binaries/Win64/UE4Editor-DataValidation.dll (API version 3898826).
LogModuleManager: Display: Found up-to-date module file ../../../Engine/Plugins/Editor/FacialAnimation/Binaries/Win64/UE4Editor-FacialAnimation.dll (API version 3898826).
LogModuleManager: Display: Found up-to-date module file ../../../Engine/Plugins/Editor/FacialAnimation/Binaries/Win64/UE4Editor-FacialAnimationEditor.dll (API version 3898826).
LogModuleManager: Display: Found up-to-date module file ../../../Engine/Plugins/Editor/GameplayTagsEditor/Binaries/Win64/UE4Editor-GameplayTagsEditor.dll (API version 3898826).
LogModuleManager: Display: Found up-to-date module file ../../../Engine/Plugins/Editor/MobileLauncherProfileWizard/Binaries/Win64/UE4Editor-MobileLauncherProfileWizard.dll (API version 3898826).
LogModuleManager: Display: Found up-to-date module file ../../../Engine/Plugins/Editor/PluginBrowser/Binaries/Win64/UE4Editor-PluginBrowser.dll (API version 3898826).
LogModuleManager: Display: Found up-to-date module file ../../../Engine/Plugins/Editor/SpeedTreeImporter/Binaries/Win64/UE4Editor-SpeedTreeImporter.dll (API version 3898826).
LogModuleManager: Display: Found up-to-date module file ../../../Engine/Plugins/Enterprise/DatasmithContent/Binaries/Win64/UE4Editor-DatasmithContent.dll (API version 3898826).
LogModuleManager: Display: Found up-to-date module file ../../../Engine/Plugins/Experimental/AlembicImporter/Binaries/Win64/UE4Editor-AlembicImporter.dll (API version 3898826).
LogModuleManager: Display: Found up-to-date module file ../../../Engine/Plugins/Experimental/AlembicImporter/Binaries/Win64/UE4Editor-AlembicLibrary.dll (API version 3898826).
LogModuleManager: Display: Found up-to-date module file ../../../Engine/Plugins/Experimental/CharacterAI/Binaries/Win64/UE4Editor-CharacterAI.dll (API version 3898826).
LogModuleManager: Display: Found up-to-date module file ../../../Engine/Plugins/Experimental/HTML5Networking/Binaries/Win64/UE4Editor-HTML5Networking.dll (API version 3898826).
LogModuleManager: Display: Found up-to-date module file ../../../Engine/Plugins/Experimental/ProxyLODPlugin/Binaries/Win64/UE4Editor-ProxyLODMeshReduction.dll (API version 3898826).
LogModuleManager: Display: Found up-to-date module file ../../../Engine/Plugins/Media/AndroidMedia/Binaries/Win64/UE4Editor-AndroidMediaEditor.dll (API version 3898826).
LogModuleManager: Display: Found up-to-date module file ../../../Engine/Plugins/Media/AndroidMedia/Binaries/Win64/UE4Editor-AndroidMediaFactory.dll (API version 3898826).
LogModuleManager: Display: Found up-to-date module file ../../../Engine/Plugins/Media/AvfMedia/Binaries/Win64/UE4Editor-AvfMediaEditor.dll (API version 3898826).
LogModuleManager: Display: Found up-to-date module file ../../../Engine/Plugins/Media/AvfMedia/Binaries/Win64/UE4Editor-AvfMediaFactory.dll (API version 3898826).
LogModuleManager: Display: Found up-to-date module file ../../../Engine/Plugins/Media/AvfMedia/Binaries/Win64/UE4Editor-AvfMediaFactory.dll (API version 3898826).
LogModuleManager: Display: Found up-to-date module file ../../../Engine/Plugins/Media/ImgMedia/Binaries/Win64/UE4Editor-ImgMedia.dll (API version 3898826).
LogModuleManager: Display: Found up-to-date module file ../../../Engine/Plugins/Media/ImgMedia/Binaries/Win64/UE4Editor-ImgMediaEditor.dll (API version 3898826).
LogModuleManager: Display: Found up-to-date module file ../../../Engine/Plugins/Media/ImgMedia/Binaries/Win64/UE4Editor-ImgMediaFactory.dll (API version 3898826).
LogModuleManager: Display: Found up-to-date module file ../../../Engine/Plugins/Media/ImgMedia/Binaries/Win64/UE4Editor-ImgMediaFactory.dll (API version 3898826).
LogModuleManager: Display: Found up-to-date module file ../../../Engine/Plugins/Media/ImgMedia/Binaries/Win64/UE4Editor-OpenExrWrapper.dll (API version 3898826).
LogModuleManager: Display: Found up-to-date module file ../../../Engine/Plugins/Media/LinearTimecode/Binaries/Win64/UE4Editor-LinearTimecode.dll (API version 3898826).
LogModuleManager: Display: Found up-to-date module file ../../../Engine/Plugins/Media/MediaCompositing/Binaries/Win64/UE4Editor-MediaCompositing.dll (API version 3898826).
LogModuleManager: Display: Found up-to-date module file ../../../Engine/Plugins/Media/MediaCompositing/Binaries/Win64/UE4Editor-MediaCompositingEditor.dll (API version 3898826).
LogModuleManager: Display: Found up-to-date module file ../../../Engine/Plugins/Media/MediaPlayerEditor/Binaries/Win64/UE4Editor-MediaPlayerEditor.dll (API version 3898826).
LogModuleManager: Display: Found up-to-date module file ../../../Engine/Plugins/Media/WmfMedia/Binaries/Win64/UE4Editor-WmfMedia.dll (API version 3898826).
LogModuleManager: Display: Found up-to-date module file ../../../Engine/Plugins/Media/WmfMedia/Binaries/Win64/UE4Editor-WmfMediaEditor.dll (API version 3898826).
LogModuleManager: Display: Found up-to-date module file ../../../Engine/Plugins/Media/WmfMedia/Binaries/Win64/UE4Editor-WmfMediaFactory.dll (API version 3898826).
LogModuleManager: Display: Found up-to-date module file ../../../Engine/Plugins/Media/WmfMedia/Binaries/Win64/UE4Editor-WmfMediaFactory.dll (API version 3898826).
LogModuleManager: Display: Found up-to-date module file ../../../Engine/Plugins/Messaging/TcpMessaging/Binaries/Win64/UE4Editor-TcpMessaging.dll (API version 3898826).
LogModuleManager: Display: Found up-to-date module file ../../../Engine/Plugins/Messaging/UdpMessaging/Binaries/Win64/UE4Editor-UdpMessaging.dll (API version 3898826).
LogModuleManager: Display: Found up-to-date module file ../../../Engine/Plugins/MovieScene/ActorSequence/Binaries/Win64/UE4Editor-ActorSequence.dll (API version 3898826).
LogModuleManager: Display: Found up-to-date module file ../../../Engine/Plugins/MovieScene/LevelSequenceEditor/Binaries/Win64/UE4Editor-LevelSequenceEditor.dll (API version 3898826).
LogModuleManager: Display: Found up-to-date module file ../../../Engine/Plugins/MovieScene/MatineeToLevelSequence/Binaries/Win64/UE4Editor-MatineeToLevelSequence.dll (API version 3898826).
LogModuleManager: Display: Found up-to-date module file ../../../Engine/Plugins/NetcodeUnitTest/NetcodeUnitTest/Binaries/Win64/UE4Editor-NetcodeUnitTest.dll (API version 3898826).
LogModuleManager: Display: Found up-to-date module file ../../../Engine/Plugins/NetcodeUnitTest/NUTUnrealEngine4/Binaries/Win64/UE4Editor-NUTUnrealEngine4.dll (API version 3898826).
LogModuleManager: Display: Found up-to-date module file ../../../Engine/Plugins/Online/OnlineSubsystem/Binaries/Win64/UE4Editor-OnlineSubsystem.dll (API version 3898826).
LogModuleManager: Display: Found up-to-date module file ../../../Engine/Plugins/Online/OnlineSubsystemNull/Binaries/Win64/UE4Editor-OnlineSubsystemNull.dll (API version 3898826).
LogModuleManager: Display: Found up-to-date module file ../../../Engine/Plugins/Online/OnlineSubsystemUtils/Binaries/Win64/UE4Editor-OnlineSubsystemUtils.dll (API version 3898826).
LogModuleManager: Display: Found up-to-date module file ../../../Engine/Plugins/Online/OnlineSubsystemUtils/Binaries/Win64/UE4Editor-OnlineBlueprintSupport.dll (API version 3898826).
LogModuleManager: Display: Found up-to-date module file ../../../Engine/Plugins/Runtime/AndroidDeviceProfileSelector/Binaries/Win64/UE4Editor-AndroidDeviceProfileSelector.dll (API version 3898826).
LogModuleManager: Display: Found up-to-date module file ../../../Engine/Plugins/Runtime/AndroidPermission/Binaries/Win64/UE4Editor-AndroidPermission.dll (API version 3898826).
LogModuleManager: Display: Found up-to-date module file ../../../Engine/Plugins/Runtime/AppleARKit/Binaries/Win64/UE4Editor-AppleARKit.dll (API version 3898826).
LogModuleManager: Display: Found up-to-date module file ../../../Engine/Plugins/Runtime/ArchVisCharacter/Binaries/Win64/UE4Editor-ArchVisCharacter.dll (API version 3898826).
LogModuleManager: Display: Found up-to-date module file ../../../Engine/Plugins/Runtime/AudioCapture/Binaries/Win64/UE4Editor-AudioCapture.dll (API version 3898826).
LogModuleManager: Display: Found up-to-date module file ../../../Engine/Plugins/Runtime/AudioCapture/Binaries/Win64/UE4Editor-AudioCaptureEditor.dll (API version 3898826).
LogModuleManager: Display: Found up-to-date module file ../../../Engine/Plugins/Runtime/CableComponent/Binaries/Win64/UE4Editor-CableComponent.dll (API version 3898826).
LogModuleManager: Display: Found up-to-date module file ../../../Engine/Plugins/Runtime/CustomMeshComponent/Binaries/Win64/UE4Editor-CustomMeshComponent.dll (API version 3898826).
LogModuleManager: Display: Found up-to-date module file ../../../Engine/Plugins/Runtime/ExampleDeviceProfileSelector/Binaries/Win64/UE4Editor-ExampleDeviceProfileSelector.dll (API version 3898826).
LogModuleManager: Display: Found up-to-date module file ../../../Engine/Plugins/Runtime/ImmediatePhysics/Binaries/Win64/UE4Editor-ImmediatePhysics.dll (API version 3898826).
LogModuleManager: Display: Found up-to-date module file ../../../Engine/Plugins/Runtime/ImmediatePhysics/Binaries/Win64/UE4Editor-ImmediatePhysicsEditor.dll (API version 3898826).
LogModuleManager: Display: Found up-to-date module file ../../../Engine/Plugins/Runtime/LocationServicesBPLibrary/Binaries/Win64/UE4Editor-LocationServicesBPLibrary.dll (API version 3898826).
LogModuleManager: Display: Found up-to-date module file ../../../Engine/Plugins/Runtime/MobilePatchingUtils/Binaries/Win64/UE4Editor-MobilePatchingUtils.dll (API version 3898826).
LogModuleManager: Display: Found up-to-date module file ../../../Engine/Plugins/Runtime/Oculus/OculusVR/Binaries/Win64/UE4Editor-OculusHMD.dll (API version 3898826).
LogModuleManager: Display: Found up-to-date module file ../../../Engine/Plugins/Runtime/Oculus/OculusVR/Binaries/Win64/UE4Editor-OculusInput.dll (API version 3898826).
LogModuleManager: Display: Found up-to-date module file ../../../Engine/Plugins/Runtime/Oculus/OculusVR/Binaries/Win64/UE4Editor-OculusEditor.dll (API version 3898826).
LogModuleManager: Display: Found up-to-date module file ../../../Engine/Plugins/Runtime/PhysXVehicles/Binaries/Win64/UE4Editor-PhysXVehicles.dll (API version 3898826).
LogModuleManager: Display: Found up-to-date module file ../../../Engine/Plugins/Runtime/PhysXVehicles/Binaries/Win64/UE4Editor-PhysXVehiclesEditor.dll (API version 3898826).
LogModuleManager: Display: Found up-to-date module file ../../../Engine/Plugins/Runtime/ProceduralMeshComponent/Binaries/Win64/UE4Editor-ProceduralMeshComponent.dll (API version 3898826).
LogModuleManager: Display: Found up-to-date module file ../../../Engine/Plugins/Runtime/ProceduralMeshComponent/Binaries/Win64/UE4Editor-ProceduralMeshComponentEditor.dll (API version 3898826).
LogModuleManager: Display: Found up-to-date module file ../../../Engine/Plugins/Runtime/RuntimePhysXCooking/Binaries/Win64/UE4Editor-RuntimePhysXCooking.dll (API version 3898826).
LogModuleManager: Display: Found up-to-date module file ../../../Engine/Plugins/Runtime/Steam/SteamVR/Binaries/Win64/UE4Editor-SteamVR.dll (API version 3898826).
LogModuleManager: Display: Found up-to-date module file ../../../Engine/Plugins/Runtime/Steam/SteamVR/Binaries/Win64/UE4Editor-SteamVRController.dll (API version 3898826).
LogModuleManager: Display: Found up-to-date module file ../../../Engine/Plugins/Runtime/WindowsMoviePlayer/Binaries/Win64/UE4Editor-WindowsMoviePlayer.dll (API version 3898826).
LogInit: Using libcurl 7.47.1
LogInit:  - built for x86_64-pc-win32
LogInit:  - supports SSL with OpenSSL/1.0.2g
LogInit:  - supports HTTP deflate (compression) using libz 1.2.8
LogInit:  - other features:
LogInit:      CURL_VERSION_SSL
LogInit:      CURL_VERSION_LIBZ
LogInit:      CURL_VERSION_IPV6
LogInit:      CURL_VERSION_ASYNCHDNS
LogInit:      CURL_VERSION_LARGEFILE
LogInit:      CURL_VERSION_IDN
LogInit:  CurlRequestOptions (configurable via config and command line):
LogInit:  - bVerifyPeer = false  - Libcurl will NOT verify peer certificate
LogInit:  - bUseHttpProxy = false  - Libcurl will NOT use HTTP proxy
LogInit:  - bDontReuseConnections = false  - Libcurl will reuse connections
LogInit:  - CertBundlePath = nullptr  - Libcurl will use whatever was configured at build time.
LogInit:  - MaxHostConnections = 16  - Libcurl will limit the number of connections to a host
LogInit:  - LocalHostAddr = Default
LogInit: WinSock: version 1.1 (2.2), MaxSocks=32767, MaxUdp=65467
LogInit: WinSock: I am Gautier-PC (192.168.1.5:0)
LogInit: Build: ++UE4+Release-4.19-CL-3898826
LogInit: Engine Version: 4.19.0-3898826+++UE4+Release-4.19
LogInit: Compatible Engine Version: 4.19.0-3898826+++UE4+Release-4.19
LogInit: Net CL: 3898826
LogDevObjectVersion: Number of dev versions registered: 18
LogDevObjectVersion:   Dev-Blueprints (B0D832E4-1F89-4F0D-ACCF-7EB736FD4AA2): 10
LogDevObjectVersion:   Dev-Build (E1C64328-A22C-4D53-A36C-8E866417BD8C): 0
LogDevObjectVersion:   Dev-Core (375EC13C-06E4-48FB-B500-84F0262A717E): 2
LogDevObjectVersion:   Dev-Editor (E4B068ED-F494-42E9-A231-DA0B2E46BB41): 23
LogDevObjectVersion:   Dev-Framework (CFFC743F-43B0-4480-9391-14DF171D2073): 33
LogDevObjectVersion:   Dev-Mobile (B02B49B5-BB20-44E9-A304-32B752E40360): 2
LogDevObjectVersion:   Dev-Networking (A4E4105C-59A1-49B5-A7C5-40C4547EDFEE): 0
LogDevObjectVersion:   Dev-Online (39C831C9-5AE6-47DC-9A44-9C173E1C8E7C): 0
LogDevObjectVersion:   Dev-Physics (78F01B33-EBEA-4F98-B9B4-84EACCB95AA2): 0
LogDevObjectVersion:   Dev-Platform (6631380F-2D4D-43E0-8009-CF276956A95A): 0
LogDevObjectVersion:   Dev-Rendering (12F88B9F-8875-4AFC-A67C-D90C383ABD29): 25
LogDevObjectVersion:   Dev-Sequencer (7B5AE74C-D270-4C10-A958-57980B212A5A): 6
LogDevObjectVersion:   Dev-VR (D7296918-1DD6-4BDD-9DE2-64A83CC13884): 1
LogDevObjectVersion:   Dev-LoadTimes (C2A15278-BFE7-4AFE-6C17-90FF531DF755): 1
LogDevObjectVersion:   Private-Geometry (6EACA3D4-40EC-4CC1-B786-8BED09428FC5): 2
LogDevObjectVersion:   Dev-AnimPhys (29E575DD-E0A3-4627-9D10-D276232CDCEA): 16
LogDevObjectVersion:   Dev-ReflectionCapture (6B266CEC-1EC7-4B8F-A30B-E4D90942FC07): 1
LogDevObjectVersion:   Dev-Automation (0DF73D61-A23F-47EA-B727-89E90C41499A): 1
LogInit: Compiled (64-bit): Feb 20 2018 02:38:50
LogInit: Compiled with Visual C++: 19.00.24215.01
LogInit: Build Configuration: Development
LogInit: Branch Name: ++UE4+Release-4.19
LogInit: Command Line: -EpicPortal 
LogInit: Base Directory: C:/Program Files/Epic Games/UE_4.19/Engine/Binaries/Win64/
LogInit: Installed Engine Build: 1
LogStreaming: Display: Took  0.000s to delete old logs.
LogInit: Presizing for max 8388607 objects, including 0 objects not considered by GC, pre-allocating 0 bytes for permanent pool.
LogInit: Object subsystem initialized
[2018.04.16-15.37.57:817][  0]LogInit: Selected Device Profile: [Windows]
[2018.04.16-15.37.57:817][  0]LogInit: Applying CVar settings loaded from the selected device profile: [Windows]
[2018.04.16-15.37.57:826][  0]LogInit: Computer: GAUTIER-PC
[2018.04.16-15.37.57:826][  0]LogInit: User: Gautier
[2018.04.16-15.37.57:826][  0]LogInit: CPU Page size=4096, Cores=4
[2018.04.16-15.37.57:826][  0]LogInit: High frequency timer resolution =3.906243 MHz
[2018.04.16-15.37.57:826][  0]LogMemory: Memory total: Physical=15.9GB (16GB approx)
[2018.04.16-15.37.57:826][  0]LogMemory: Platform Memory Stats for Windows
[2018.04.16-15.37.57:826][  0]LogMemory: Process Physical Memory: 274.39 MB used, 274.39 MB peak
[2018.04.16-15.37.57:826][  0]LogMemory: Process Virtual Memory: 264.68 MB used, 264.68 MB peak
[2018.04.16-15.37.57:826][  0]LogMemory: Physical Memory: 5314.36 MB used,  11018.26 MB free, 16332.62 MB total
[2018.04.16-15.37.57:826][  0]LogMemory: Virtual Memory: 697.54 MB used,  11018.26 MB free, 134217728.00 MB total
[2018.04.16-15.37.57:957][  0]LogInit: Using OS detected language (en-US).
[2018.04.16-15.37.57:957][  0]LogInit: Using OS detected locale (en-US).
[2018.04.16-15.37.57:959][  0]LogTextLocalizationManager: No specific localization for 'en-US' exists, so the 'en' localization will be used.
[2018.04.16-15.37.58:330][  0]LogStreaming: Display: Took  0.374s to EndInitTextLocalization.
[2018.04.16-15.37.58:330][  0]LogInit: Setting process to per monitor DPI aware
[2018.04.16-15.37.58:395][  0]LogSlate: New Slate User Created.  User Index 0, Is Virtual User: 0
[2018.04.16-15.37.58:395][  0]LogSlate: Slate User Registered.  User Index 0, Is Virtual User: 0
[2018.04.16-15.37.58:555][  0]LogD3D11RHI: D3D11 adapters:
[2018.04.16-15.37.58:609][  0]LogD3D11RHI:    0. 'NVIDIA GeForce GTX 1060 6GB' (Feature Level 11_0)
[2018.04.16-15.37.58:609][  0]LogD3D11RHI:       6052/0/8166 MB DedicatedVideo/DedicatedSystem/SharedSystem, Outputs:2, VendorId:0x10de
[2018.04.16-15.37.58:611][  0]LogD3D11RHI:    1. 'Microsoft Basic Render Driver' (Feature Level 11_0)
[2018.04.16-15.37.58:611][  0]LogD3D11RHI:       0/0/8166 MB DedicatedVideo/DedicatedSystem/SharedSystem, Outputs:0, VendorId:0x1414
[2018.04.16-15.37.58:611][  0]LogD3D11RHI: Chosen D3D11 Adapter: 0
[2018.04.16-15.37.58:615][  0]LogD3D11RHI: Creating new Direct3DDevice
[2018.04.16-15.37.58:615][  0]LogD3D11RHI:     GPU DeviceId: 0x1c03 (for the marketing name, search the web for "GPU Device Id")
[2018.04.16-15.37.58:615][  0]LogWindows: EnumDisplayDevices:
[2018.04.16-15.37.58:616][  0]LogWindows:    0. 'NVIDIA GeForce GTX 1060 6GB' (P:0 D:1)
[2018.04.16-15.37.58:616][  0]LogWindows:    1. 'NVIDIA GeForce GTX 1060 6GB' (P:1 D:1)
[2018.04.16-15.37.58:616][  0]LogWindows:    2. 'NVIDIA GeForce GTX 1060 6GB' (P:0 D:0)
[2018.04.16-15.37.58:616][  0]LogWindows:    3. 'NVIDIA GeForce GTX 1060 6GB' (P:0 D:0)
[2018.04.16-15.37.58:616][  0]LogWindows: DebugString: GetVideoDriverDetailsInvalid PrimaryIsNotTheChoosenAdapter GetVideoDriverDetailsInvalid PrimaryIsNotTheChoosenAdapter GetVideoDriverDetailsInvalid PrimaryIsNotTheChoosenAdapter GetVideoDriverDetailsInvalid PrimaryIsNotTheChoosenAdapter FoundDriverCount:0 
[2018.04.16-15.37.58:616][  0]LogD3D11RHI:     Adapter Name: NVIDIA GeForce GTX 1060 6GB
[2018.04.16-15.37.58:616][  0]LogD3D11RHI:   Driver Version: Unknown (internal:Unknown, unified:Unknown)
[2018.04.16-15.37.58:616][  0]LogD3D11RHI:      Driver Date: Unknown
[2018.04.16-15.37.58:616][  0]LogRHI: Texture pool is 4236 MB (70% of 6052 MB)
[2018.04.16-15.37.58:644][  0]LogD3D11RHI: [Aftermath] Aftermath enabled and primed
[2018.04.16-15.37.58:644][  0]LogD3D11RHI: Async texture creation enabled
[2018.04.16-15.37.58:692][  0]LogD3D11RHI: GPU Timing Frequency: 1000.000000 (Debug: 2 2)
[2018.04.16-15.37.58:739][  0]LogShaderCompilers: Guid format shader working directory is -21 characters bigger than the processId version (../../../../../../Users/Gautier/Documents/Unreal Projects/Projet_VsE/Intermediate/Shaders/WorkingDirectory/44828/).
[2018.04.16-15.37.58:739][  0]LogShaderCompilers: Cleaned the shader compiler working directory 'C:/Users/Gautier/AppData/Local/Temp/UnrealShaderWorkingDir/B37FBCC84CC3BC18666056A936BFE8EF/'.
[2018.04.16-15.37.58:754][  0]LogXGEController: Cannot use XGE Controller as Incredibuild is not installed on this machine.
[2018.04.16-15.37.58:754][  0]LogShaderCompilers: Cannot use XGE Shader Compiler as Incredibuild is not installed on this machine.
[2018.04.16-15.37.58:754][  0]LogShaderCompilers: Display: Using Local Shader Compiler.
[2018.04.16-15.37.59:596][  0]LogTemp: Display: Loaded TP AllDesktopTargetPlatform
[2018.04.16-15.37.59:644][  0]LogTemp: Display: Loaded TP MacClientTargetPlatform
[2018.04.16-15.37.59:693][  0]LogTemp: Display: Loaded TP MacNoEditorTargetPlatform
[2018.04.16-15.37.59:739][  0]LogTemp: Display: Loaded TP MacServerTargetPlatform
[2018.04.16-15.37.59:806][  0]LogTemp: Display: Loaded TP MacTargetPlatform
[2018.04.16-15.37.59:864][  0]LogTemp: Display: Loaded TP WindowsClientTargetPlatform
[2018.04.16-15.37.59:910][  0]LogTemp: Display: Loaded TP WindowsNoEditorTargetPlatform
[2018.04.16-15.37.59:957][  0]LogTemp: Display: Loaded TP WindowsServerTargetPlatform
[2018.04.16-15.37.59:998][  0]LogTemp: Display: Loaded TP WindowsTargetPlatform
[2018.04.16-15.38.00:045][  0]LogTemp: Display: Loaded TP Android_ASTCTargetPlatform
[2018.04.16-15.38.00:202][  0]LogTemp: Display: Loaded TP Android_ATCTargetPlatform
[2018.04.16-15.38.00:267][  0]LogTemp: Display: Loaded TP Android_DXTTargetPlatform
[2018.04.16-15.38.00:326][  0]LogTemp: Display: Loaded TP Android_ETC1aTargetPlatform
[2018.04.16-15.38.00:373][  0]LogTemp: Display: Loaded TP Android_ETC1TargetPlatform
[2018.04.16-15.38.00:420][  0]LogTemp: Display: Loaded TP Android_ETC2TargetPlatform
[2018.04.16-15.38.00:515][  0]LogTemp: Display: Loaded TP Android_MultiTargetPlatform
[2018.04.16-15.38.00:515][  0]LogTemp: Display: Loaded TP Android_PVRTCTargetPlatform
[2018.04.16-15.38.00:563][  0]LogTemp: Display: Loaded TP AndroidTargetPlatform
[2018.04.16-15.38.00:600][  0]LogTemp: Display: Loaded TP HTML5TargetPlatform
[2018.04.16-15.38.00:684][  0]LogTemp: Display: Loaded TP IOSTargetPlatform
[2018.04.16-15.38.00:708][  0]LogTemp: Display: Loaded TP TVOSTargetPlatform
[2018.04.16-15.38.00:754][  0]LogTemp: Display: Loaded TP LinuxClientTargetPlatform
[2018.04.16-15.38.00:800][  0]LogTemp: Display: Loaded TP LinuxNoEditorTargetPlatform
[2018.04.16-15.38.00:846][  0]LogTemp: Display: Loaded TP LinuxServerTargetPlatform
[2018.04.16-15.38.00:892][  0]LogTemp: Display: Loaded TP LinuxTargetPlatform
[2018.04.16-15.38.00:892][  0]LogTargetPlatformManager: Display: Building Assets For Windows
[2018.04.16-15.38.01:331][  0]LogDerivedDataCache: Display: Max Cache Size: 512 MB
[2018.04.16-15.38.01:395][  0]LogDerivedDataCache: Loaded boot cache 0.06s 74MB C:/Users/Gautier/AppData/Local/UnrealEngine/4.19/DerivedDataCache/Boot.ddc.
[2018.04.16-15.38.01:396][  0]LogDerivedDataCache: Display: Loaded Boot cache: C:/Users/Gautier/AppData/Local/UnrealEngine/4.19/DerivedDataCache/Boot.ddc
[2018.04.16-15.38.01:396][  0]LogDerivedDataCache: FDerivedDataBackendGraph:  Pak pak cache file ../../../../../../Users/Gautier/Documents/Unreal Projects/Projet_VsE/DerivedDataCache/DDC.ddp not found, will not use a pak cache.
[2018.04.16-15.38.01:396][  0]LogDerivedDataCache: Unable to find inner node Pak for hierarchical cache Hierarchy.
[2018.04.16-15.38.01:396][  0]LogDerivedDataCache: FDerivedDataBackendGraph:  CompressedPak pak cache file ../../../../../../Users/Gautier/Documents/Unreal Projects/Projet_VsE/DerivedDataCache/Compressed.ddp not found, will not use a pak cache.
[2018.04.16-15.38.01:396][  0]LogDerivedDataCache: Unable to find inner node CompressedPak for hierarchical cache Hierarchy.
[2018.04.16-15.38.01:409][  0]LogDerivedDataCache: Display: Pak cache opened for reading ../../../Engine/DerivedDataCache/Compressed.ddp.
[2018.04.16-15.38.01:421][  0]LogDerivedDataCache: Using Local data cache path C:/Users/Gautier/AppData/Local/UnrealEngine/Common/DerivedDataCache: Writable
[2018.04.16-15.38.01:431][  0]LogMaterial: Verifying Global Shaders for PCD3D_SM5
[2018.04.16-15.38.01:432][  0]LogSlate: Using Freetype 2.6.0
[2018.04.16-15.38.01:432][  0]LogSlate: SlateFontCache - WITH_FREETYPE: 1, WITH_HARFBUZZ: 1
[2018.04.16-15.38.01:432][  0]LogSlate: SlateFontCache - WITH_FREETYPE: 1, WITH_HARFBUZZ: 1
[2018.04.16-15.38.01:553][  0]LogAssetRegistry: FAssetRegistry took 0.0249 seconds to start up
[2018.04.16-15.38.01:834][  0]LogInit: Selected Device Profile: [Windows]
[2018.04.16-15.38.03:073][  0]LogSimplygon: Simplygon DLL not present - disabling.
[2018.04.16-15.38.03:257][  0]LogMeshReduction: Using SimplygonSwarm for distributed automatic mesh merging
[2018.04.16-15.38.03:257][  0]LogMeshReduction: Using ProxyLODMeshReduction for automatic mesh merging
[2018.04.16-15.38.03:257][  0]LogMeshReduction: Using QuadricMeshReduction for automatic static mesh reduction
[2018.04.16-15.38.03:257][  0]LogMeshReduction: No automatic skeletal mesh reduction module available
[2018.04.16-15.38.03:285][  0]LogNetVersion: Projet_VsE , NetCL: 3898826, EngineNetVer: 2, GameNetVer: 0 (Checksum: 2375140092)
[2018.04.16-15.38.03:881][  0]LogPackageLocalizationCache: Processed 9 localized package path(s) for 2 prioritized culture(s) in 0.073118 seconds
[2018.04.16-15.38.03:887][  0]LogUObjectArray: 36745 objects as part of root set at end of initial load.
[2018.04.16-15.38.03:887][  0]LogUObjectAllocator: 7316464 out of 0 bytes used by permanent object pool.
[2018.04.16-15.38.03:887][  0]LogUObjectArray: CloseDisregardForGC: 0/0 objects in disregard for GC pool
[2018.04.16-15.38.06:734][  0]LogTcpMessaging: Initializing TcpMessaging bridge
[2018.04.16-15.38.06:785][  0]LogUdpMessaging: Initializing bridge on interface 0.0.0.0:0 to multicast group 230.0.0.1:6666.
[2018.04.16-15.38.07:710][  0]SourceControl: Source control is disabled
[2018.04.16-15.38.07:710][  0]SourceControl: Source control is disabled
[2018.04.16-15.38.07:762][  0]SourceControl: Source control is disabled
[2018.04.16-15.38.07:812][  0]SourceControl: Source control is disabled
[2018.04.16-15.38.08:904][  0]LogAndroidPermission: UAndroidPermissionCallbackProxy::GetInstance
[2018.04.16-15.38.09:287][  0]LogOcInput: OculusInput pre-init called
[2018.04.16-15.38.09:554][  0]LogEngine: Initializing Engine...
[2018.04.16-15.38.09:555][  0]LogHMD: Failed to initialize OpenVR with code 110
[2018.04.16-15.38.09:556][  0]LogStats: UGameplayTagsManager::ConstructGameplayTagTree: Construct from data asset -  0.000 s
[2018.04.16-15.38.09:556][  0]LogStats: UGameplayTagsManager::ConstructGameplayTagTree: GameplayTagTreeChangedEvent.Broadcast -  0.000 s
[2018.04.16-15.38.09:854][  0]LogAIModule: Creating AISystem for world Untitled
[2018.04.16-15.38.09:865][  0]LogInit: XAudio2 using 'Headset Earphone (HyperX 7.1 Audio)' : 2 channels at 48 kHz using 16 bits per sample (channel mask 0x3)
[2018.04.16-15.38.09:873][  0]LogInit: FAudioDevice initialized.
[2018.04.16-15.38.10:529][  0]LogDerivedDataCache: Saved boot cache 0.66s 74MB C:/Users/Gautier/AppData/Local/UnrealEngine/4.19/DerivedDataCache/Boot.ddc.
[2018.04.16-15.38.10:541][  0]LogInit: Texture streaming: Enabled
[2018.04.16-15.38.10:638][  0]LogEngineSessionManager: EngineSessionManager initialized
[2018.04.16-15.38.10:770][  0]LogInit: Transaction tracking system initialized
[2018.04.16-15.38.11:107][  0]BlueprintLog: New page: Editor Load
[2018.04.16-15.38.11:984][  0]LocalizationService: Localization service is disabled
[2018.04.16-15.38.12:604][  0]LogConsoleResponse: Display: 
[2018.04.16-15.38.13:092][  0]LogFileCache: Scanning file cache for directory 'C:/Users/Gautier/Documents/Unreal Projects/Projet_VsE/Content/' took 0.01s
[2018.04.16-15.38.13:092][  0]LogCook: Display: Max memory allowance for cook 16384mb min free memory 0mb
[2018.04.16-15.38.13:092][  0]LogCook: Display: Mobile HDR setting 1
[2018.04.16-15.38.13:092][  0]LogGameplayTags: Display: UGameplayTagsManager::DoneAddingNativeTags. DelegateIsBound: 0
[2018.04.16-15.38.13:092][  0]LogStats: UGameplayTagsManager::ConstructGameplayTagTree: Construct from data asset -  0.000 s
[2018.04.16-15.38.13:092][  0]LogStats: UGameplayTagsManager::ConstructGameplayTagTree: GameplayTagTreeChangedEvent.Broadcast -  0.000 s
[2018.04.16-15.38.14:256][  0]SourceControl: Source control is disabled
[2018.04.16-15.38.14:256][  0]Cmd: MAP LOAD FILE="../../../Engine/Content/Maps/Templates/Template_Default.umap" TEMPLATE=1 SHOWPROGRESS=1 FEATURELEVEL=3
[2018.04.16-15.38.14:256][  0]LightingResults: New page: Lighting Build
[2018.04.16-15.38.14:297][  0]MapCheck: New page: Map Check
[2018.04.16-15.38.14:297][  0]LightingResults: New page: Lighting Build
[2018.04.16-15.38.14:487][  0]LogAIModule: Creating AISystem for world Untitled_1
[2018.04.16-15.38.14:492][  0]LogEditorServer: Finished looking for orphan Actors (0.000 secs)
[2018.04.16-15.38.14:504][  0]Cmd: MAP CHECKDEP NOCLEARLOG
[2018.04.16-15.38.14:546][  0]MapCheck: Map check complete: 0 Error(s), 0 Warning(s), took 42.489ms to complete.
[2018.04.16-15.38.14:546][  0]LogFileHelpers: Loading map 'Template_Default' took 0.290
[2018.04.16-15.38.14:651][  0]LogWindowsTextInputMethodSystem: Display: IME system now deactivated.
[2018.04.16-15.38.16:913][  0]LogCollectionManager: Loaded 0 collections in 0.001748 seconds
[2018.04.16-15.38.17:233][  0]LogFileCache: Scanning file cache for directory 'C:/Users/Gautier/Documents/Unreal Projects/Projet_VsE/Saved/Collections/' took 0.01s
[2018.04.16-15.38.17:233][  0]LogFileCache: Scanning file cache for directory 'C:/Users/Gautier/Documents/Unreal Projects/Projet_VsE/Content/Developers/Gautier/Collections/' took 0.01s
[2018.04.16-15.38.17:233][  0]LogFileCache: Scanning file cache for directory 'C:/Users/Gautier/Documents/Unreal Projects/Projet_VsE/Content/Collections/' took 0.01s
[2018.04.16-15.38.17:233][  0]LogCollectionManager: Rebuilt the GUID cache for 0 collections in 0.000001 seconds
[2018.04.16-15.38.17:312][  0]LogContentBrowser: Native class hierarchy populated in 0.0094 seconds. Added 2457 classes and 560 folders.
[2018.04.16-15.38.17:611][  0]LogContentBrowser: Native class hierarchy updated for 'WidgetCarousel' in 0.0005 seconds. Added 0 classes and 0 folders.
[2018.04.16-15.38.25:240][  0]LogContentBrowser: Native class hierarchy updated for 'AddContentDialog' in 0.0005 seconds. Added 0 classes and 0 folders.
[2018.04.16-15.38.25:426][  0]LogContentBrowser: Native class hierarchy updated for 'SceneOutliner' in 0.0010 seconds. Added 1 classes and 2 folders.
[2018.04.16-15.38.26:744][  0]LogSlate: Took 0.000432 seconds to synchronously load lazily loaded font '../../../Engine/Content/Slate/Fonts/Roboto-Regular.ttf' (155K)
[2018.04.16-15.38.26:747][  0]LogSlate: Took 0.000279 seconds to synchronously load lazily loaded font '../../../Engine/Content/Slate/Fonts/Roboto-Bold.ttf' (160K)
[2018.04.16-15.38.26:971][  0]LogSlate: Took 0.022386 seconds to synchronously load lazily loaded font '../../../Engine/Content/Editor/Slate/Fonts/FontAwesome.ttf' (139K)
[2018.04.16-15.38.28:341][  0]LogRenderer: Reallocating scene render targets to support 1208x576 Format 10 NumSamples 1 (Frame:1).
[2018.04.16-15.38.29:922][  0]LogContentBrowser: Native class hierarchy updated for 'HierarchicalLODOutliner' in 0.0007 seconds. Added 0 classes and 0 folders.
[2018.04.16-15.38.29:922][  0]LogLoad: (Engine Initialization) Total time: 35.41 seconds
[2018.04.16-15.38.29:922][  0]LogLoad: (Engine Initialization) Total Blueprint compile time: 0.00 seconds
[2018.04.16-15.38.29:965][  0]LogContentStreaming: Texture pool size now 1000 MB
[2018.04.16-15.39.16:061][863]LogAssetRegistry: Asset discovery search completed in 74.5304 seconds
[2018.04.16-15.39.16:063][863]LogCollectionManager: Rebuilt the object cache for 0 collections in 0.000000 seconds (found 0 objects)
[2018.04.16-15.39.16:063][863]LogCollectionManager: Fixed up redirectors for 0 collections in 0.000047 seconds (updated 0 objects)
[2018.04.16-15.39.22:389][882]LogSlate: FSceneViewport::OnFocusLost() reason 0
[2018.04.16-15.39.34:797][340]LogSlate: FSceneViewport::OnFocusLost() reason 2
[2018.04.16-15.39.45:794][422]LogSlate: Took 0.000225 seconds to synchronously load lazily loaded font '../../../Engine/Content/Slate/Fonts/Roboto-Light.ttf' (167K)
[2018.04.16-15.39.55:063][518]LogSlate: Took 0.000190 seconds to synchronously load lazily loaded font '../../../Engine/Content/Slate/Fonts/Roboto-Light.ttf' (167K)
[2018.04.16-15.39.55:157][518]LogSlate: Took 0.050838 seconds to synchronously load lazily loaded font '../../../Engine/Content/Slate/Fonts/Roboto-BoldCondensed.ttf' (158K)
[2018.04.16-15.40.16:846][107]LogSlate: Window 'Add C++ Class' being destroyed
[2018.04.16-15.46.40:726][547]LogSlate: Window 'Add C++ Class' being destroyed
[2018.04.16-16.11.49:945][254]LogSlate: Window 'Projet_VsE - Unreal Editor' being destroyed
[2018.04.16-16.11.50:732][255]Cmd: QUIT_EDITOR
[2018.04.16-16.11.51:201][255]LogWindowsTextInputMethodSystem: Display: IME system now deactivated.
[2018.04.16-16.11.51:330][255]LogSlate: Slate User Destroyed.  User Index 0, Is Virtual User: 0
[2018.04.16-16.11.51:409][255]LogExit: Preparing to exit.
[2018.04.16-16.11.52:958][255]LogDirectoryWatcher: A directory notification for 'C:/Users/Gautier/Documents/Unreal Projects/Projet_VsE/Content/' was aborted.
[2018.04.16-16.11.53:382][255]LogExit: Editor shut down
[2018.04.16-16.11.53:385][255]LogExit: Transaction tracking system shut down
[2018.04.16-16.11.53:606][255]LogDirectoryWatcher: A directory notification for '../../../Engine/Content/' was aborted.
[2018.04.16-16.11.53:606][255]LogDirectoryWatcher: A directory notification for '../../../../../../Users/Gautier/Documents/Unreal Projects/Projet_VsE/Content/' was aborted.
[2018.04.16-16.11.53:606][255]LogDirectoryWatcher: A directory notification for '../../Plugins/2D/Paper2D/Content/' was aborted.
[2018.04.16-16.11.53:606][255]LogDirectoryWatcher: A directory notification for '../../Plugins/Enterprise/DatasmithContent/Content/' was aborted.
[2018.04.16-16.11.53:606][255]LogDirectoryWatcher: A directory notification for '../../Plugins/Media/MediaCompositing/Content/' was aborted.
[2018.04.16-16.11.53:606][255]LogDirectoryWatcher: A directory notification for '../../Plugins/Runtime/AppleARKit/Content/' was aborted.
[2018.04.16-16.11.53:606][255]LogDirectoryWatcher: A directory notification for '../../Plugins/Runtime/Oculus/OculusVR/Content/' was aborted.
[2018.04.16-16.11.53:606][255]LogDirectoryWatcher: A directory notification for '../../Plugins/Runtime/Steam/SteamVR/Content/' was aborted.
[2018.04.16-16.11.55:518][255]LogExit: Object subsystem successfully closed.
[2018.04.16-16.11.55:758][255]LogD3D11RHI: Shutdown
[2018.04.16-16.11.55:758][255]LogD3D11RHI: CleanupD3DDevice
[2018.04.16-16.11.55:827][255]LogD3D11RHI: ~FD3D11DynamicRHI
[2018.04.16-16.11.57:820][255]LogModuleManager: Shutting down and abandoning module HierarchicalLODOutliner (580)
[2018.04.16-16.11.57:821][255]LogModuleManager: Shutting down and abandoning module DesktopPlatform (578)
[2018.04.16-16.11.57:831][255]LogModuleManager: Shutting down and abandoning module SceneOutliner (576)
[2018.04.16-16.11.57:840][255]LogModuleManager: Shutting down and abandoning module AddContentDialog (574)
[2018.04.16-16.11.57:881][255]LogDirectoryWatcher: A directory notification for 'C:/Program Files/Epic Games/UE_4.19/FeaturePacks/' was aborted.
[2018.04.16-16.11.57:882][255]LogModuleManager: Shutting down and abandoning module WidgetCarousel (573)
[2018.04.16-16.11.57:882][255]LogModuleManager: Shutting down and abandoning module EditorWidgets (570)
[2018.04.16-16.11.57:882][255]LogModuleManager: Shutting down and abandoning module CollectionManager (568)
[2018.04.16-16.11.57:903][255]LogDirectoryWatcher: A directory notification for 'C:/Users/Gautier/Documents/Unreal Projects/Projet_VsE/Content/Collections/' was aborted.
[2018.04.16-16.11.57:904][255]LogDirectoryWatcher: A directory notification for 'C:/Users/Gautier/Documents/Unreal Projects/Projet_VsE/Content/Developers/Gautier/Collections/' was aborted.
[2018.04.16-16.11.57:904][255]LogDirectoryWatcher: A directory notification for 'C:/Users/Gautier/Documents/Unreal Projects/Projet_VsE/Saved/Collections/' was aborted.
[2018.04.16-16.11.57:904][255]LogModuleManager: Shutting down and abandoning module HierarchicalLODUtilities (566)
[2018.04.16-16.11.57:914][255]LogModuleManager: Shutting down and abandoning module StatsViewer (564)
[2018.04.16-16.11.57:919][255]LogModuleManager: Shutting down and abandoning module FoliageEdit (562)
[2018.04.16-16.11.57:919][255]LogModuleManager: Shutting down and abandoning module LandscapeEditor (560)
[2018.04.16-16.11.57:964][255]LogModuleManager: Shutting down and abandoning module MeshPaintMode (558)
[2018.04.16-16.11.57:975][255]LogModuleManager: Shutting down and abandoning module SceneDepthPickerMode (556)
[2018.04.16-16.11.57:975][255]LogModuleManager: Shutting down and abandoning module ActorPickerMode (554)
[2018.04.16-16.11.57:975][255]LogModuleManager: Shutting down and abandoning module GeometryMode (552)
[2018.04.16-16.11.58:018][255]LogModuleManager: Shutting down and abandoning module TextureAlignMode (550)
[2018.04.16-16.11.58:018][255]LogModuleManager: Shutting down and abandoning module BspMode (548)
[2018.04.16-16.11.58:018][255]LogModuleManager: Shutting down and abandoning module PIEPreviewDeviceProfileSelector (546)
[2018.04.16-16.11.58:018][255]LogModuleManager: Shutting down and abandoning module HardwareSurvey (544)
[2018.04.16-16.11.58:018][255]LogModuleManager: Shutting down and abandoning module SequenceRecorderSections (542)
[2018.04.16-16.11.58:023][255]LogModuleManager: Shutting down and abandoning module AutomationWorker (540)
[2018.04.16-16.11.58:023][255]LogModuleManager: Shutting down and abandoning module AudioCaptureEditor (538)
[2018.04.16-16.11.58:023][255]LogModuleManager: Shutting down and abandoning module SequenceRecorder (537)
[2018.04.16-16.11.58:039][255]LogModuleManager: Shutting down and abandoning module MatineeToLevelSequence (534)
[2018.04.16-16.11.58:099][255]LogModuleManager: Shutting down and abandoning module LevelSequenceEditor (532)
[2018.04.16-16.11.58:226][255]LogModuleManager: Shutting down and abandoning module PlacementMode (531)
[2018.04.16-16.11.58:226][255]LogModuleManager: Shutting down and abandoning module MaterialEditor (530)
[2018.04.16-16.11.58:324][255]LogModuleManager: Shutting down and abandoning module WmfMediaFactory (526)
[2018.04.16-16.11.58:324][255]LogModuleManager: Shutting down and abandoning module WmfMediaEditor (524)
[2018.04.16-16.11.58:324][255]LogModuleManager: Shutting down and abandoning module OpenExrWrapper (522)
[2018.04.16-16.11.58:324][255]LogModuleManager: Shutting down and abandoning module ImgMediaFactory (520)
[2018.04.16-16.11.58:324][255]LogModuleManager: Shutting down and abandoning module ImgMediaEditor (518)
[2018.04.16-16.11.58:324][255]LogModuleManager: Shutting down and abandoning module AvfMediaFactory (516)
[2018.04.16-16.11.58:324][255]LogModuleManager: Shutting down and abandoning module AvfMediaEditor (514)
[2018.04.16-16.11.58:324][255]LogModuleManager: Shutting down and abandoning module AndroidMediaFactory (512)
[2018.04.16-16.11.58:324][255]LogModuleManager: Shutting down and abandoning module AndroidMediaEditor (510)
[2018.04.16-16.11.58:324][255]LogModuleManager: Shutting down and abandoning module CharacterAI (508)
[2018.04.16-16.11.58:324][255]LogModuleManager: Shutting down and abandoning module SmartSnapping (506)
[2018.04.16-16.11.58:324][255]LogModuleManager: Shutting down and abandoning module SessionServices (504)
[2018.04.16-16.11.58:324][255]LogModuleManager: Shutting down and abandoning module ViewportSnapping (502)
[2018.04.16-16.11.58:324][255]LogModuleManager: Shutting down and abandoning module ViewportInteraction (500)
[2018.04.16-16.11.58:324][255]LogModuleManager: Shutting down and abandoning module ClothPainter (498)
[2018.04.16-16.11.58:389][255]LogModuleManager: Shutting down and abandoning module SkeletalMeshEditor (497)
[2018.04.16-16.11.58:439][255]LogModuleManager: Shutting down and abandoning module LogVisualizer (494)
[2018.04.16-16.11.58:521][255]LogModuleManager: Shutting down and abandoning module IntroTutorials (492)
[2018.04.16-16.11.58:644][255]LogModuleManager: Shutting down and abandoning module GameProjectGeneration (491)
[2018.04.16-16.11.58:644][255]LogModuleManager: Shutting down and abandoning module IOSPlatformEditor (488)
[2018.04.16-16.11.58:644][255]LogModuleManager: Shutting down and abandoning module HTML5PlatformEditor (486)
[2018.04.16-16.11.58:644][255]LogModuleManager: Shutting down and abandoning module AndroidPlatformEditor (484)
[2018.04.16-16.11.58:644][255]LogModuleManager: Shutting down and abandoning module AndroidDeviceDetection (483)
[2018.04.16-16.11.59:083][255]LogModuleManager: Shutting down and abandoning module WindowsPlatformEditor (480)
[2018.04.16-16.11.59:083][255]LogModuleManager: Shutting down and abandoning module IOSRuntimeSettings (478)
[2018.04.16-16.11.59:083][255]LogModuleManager: Shutting down and abandoning module AndroidRuntimeSettings (476)
[2018.04.16-16.11.59:083][255]LogModuleManager: Shutting down and abandoning module InputBindingEditor (474)
[2018.04.16-16.11.59:166][255]LogModuleManager: Shutting down and abandoning module MergeActors (472)
[2018.04.16-16.11.59:179][255]LogModuleManager: Shutting down and abandoning module LocalizationDashboard (470)
[2018.04.16-16.11.59:207][255]LogModuleManager: Shutting down and abandoning module LocalizationService (469)
[2018.04.16-16.11.59:221][255]LogModuleManager: Shutting down and abandoning module HardwareTargeting (466)
[2018.04.16-16.11.59:221][255]LogModuleManager: Shutting down and abandoning module DeviceProfileEditor (464)
[2018.04.16-16.11.59:383][255]LogModuleManager: Shutting down and abandoning module UndoHistory (462)
[2018.04.16-16.11.59:383][255]LogModuleManager: Shutting down and abandoning module XmlParser (460)
[2018.04.16-16.11.59:415][255]LogModuleManager: Shutting down and abandoning module Blutility (458)
[2018.04.16-16.11.59:415][255]LogModuleManager: Shutting down and abandoning module ProjectSettingsViewer (456)
[2018.04.16-16.11.59:415][255]LogModuleManager: Shutting down and abandoning module ProjectTargetPlatformEditor (455)
[2018.04.16-16.11.59:415][255]LogModuleManager: Shutting down and abandoning module EditorSettingsViewer (452)
[2018.04.16-16.11.59:415][255]LogModuleManager: Shutting down and abandoning module SettingsEditor (450)
[2018.04.16-16.11.59:467][255]LogModuleManager: Shutting down and abandoning module ProjectLauncher (448)
[2018.04.16-16.11.59:513][255]LogModuleManager: Shutting down and abandoning module SessionFrontend (446)
[2018.04.16-16.11.59:534][255]LogModuleManager: Shutting down and abandoning module ProfilerClient (444)
[2018.04.16-16.11.59:576][255]LogModuleManager: Shutting down and abandoning module DeviceManager (442)
[2018.04.16-16.11.59:618][255]LogModuleManager: Shutting down and abandoning module TargetDeviceServices (441)
[2018.04.16-16.11.59:718][255]LogModuleManager: Shutting down and abandoning module AutomationController (438)
[2018.04.16-16.11.59:725][255]LogModuleManager: Shutting down and abandoning module AutomationWindow (436)
[2018.04.16-16.11.59:899][255]LogModuleManager: Shutting down and abandoning module Layers (434)
[2018.04.16-16.11.59:956][255]LogModuleManager: Shutting down and abandoning module ComponentVisualizers (432)
[2018.04.16-16.11.59:985][255]LogModuleManager: Shutting down and abandoning module DetailCustomizations (430)
[2018.04.16-16.12.00:064][255]LogModuleManager: Shutting down and abandoning module PackagesDialog (428)
[2018.04.16-16.12.00:073][255]LogModuleManager: Shutting down and abandoning module Persona (426)
[2018.04.16-16.12.00:123][255]LogModuleManager: Shutting down and abandoning module AdvancedPreviewScene (425)
[2018.04.16-16.12.00:123][255]LogModuleManager: Shutting down and abandoning module AnimGraph (423)
[2018.04.16-16.12.00:123][255]LogModuleManager: Shutting down and abandoning module Kismet (420)
[2018.04.16-16.12.00:154][255]LogModuleManager: Shutting down and abandoning module GraphEditor (418)
[2018.04.16-16.12.00:225][255]LogModuleManager: Shutting down and abandoning module ClassViewer (416)
[2018.04.16-16.12.00:226][255]LogModuleManager: Shutting down and abandoning module Toolbox (414)
[2018.04.16-16.12.00:226][255]LogModuleManager: Shutting down and abandoning module ModuleUI (412)
[2018.04.16-16.12.00:245][255]LogModuleManager: Shutting down and abandoning module MovieSceneTools (410)
[2018.04.16-16.12.00:276][255]LogModuleManager: Shutting down and abandoning module OutputLog (408)
[2018.04.16-16.12.00:308][255]LogModuleManager: Shutting down and abandoning module GammaUI (406)
[2018.04.16-16.12.00:320][255]LogModuleManager: Shutting down and abandoning module Documentation (404)
[2018.04.16-16.12.00:320][255]LogModuleManager: Shutting down and abandoning module MovieSceneTracks (402)
[2018.04.16-16.12.00:320][255]LogModuleManager: Shutting down and abandoning module MovieScene (400)
[2018.04.16-16.12.00:320][255]LogModuleManager: Shutting down and abandoning module StreamingPauseRendering (398)
[2018.04.16-16.12.00:320][255]LogModuleManager: Shutting down and abandoning module LauncherPlatform (396)
[2018.04.16-16.12.00:320][255]LogModuleManager: Shutting down and abandoning module AnalyticsET (394)
[2018.04.16-16.12.00:320][255]LogModuleManager: Shutting down and abandoning module PortalServices (392)
[2018.04.16-16.12.00:320][255]LogModuleManager: Shutting down and abandoning module PortalRpc (390)
[2018.04.16-16.12.00:320][255]LogModuleManager: Shutting down and abandoning module MessagingRpc (388)
[2018.04.16-16.12.00:320][255]LogModuleManager: Shutting down and abandoning module AIModule (386)
[2018.04.16-16.12.00:320][255]LogModuleManager: Shutting down and abandoning module GameplayDebugger (385)
[2018.04.16-16.12.00:324][255]LogModuleManager: Shutting down and abandoning module AITestSuite (383)
[2018.04.16-16.12.00:333][255]LogModuleManager: Shutting down and abandoning module ProfilerService (380)
[2018.04.16-16.12.00:405][255]LogModuleManager: Shutting down and abandoning module TaskGraph (378)
[2018.04.16-16.12.00:441][255]LogModuleManager: Shutting down and abandoning module SteamVRController (376)
[2018.04.16-16.12.00:441][255]LogModuleManager: Shutting down and abandoning module ProceduralMeshComponentEditor (374)
[2018.04.16-16.12.00:441][255]LogModuleManager: Shutting down and abandoning module ProceduralMeshComponent (372)
[2018.04.16-16.12.00:456][255]LogModuleManager: Shutting down and abandoning module OculusInput (370)
[2018.04.16-16.12.00:460][255]LogModuleManager: Shutting down and abandoning module MobilePatchingUtils (368)
[2018.04.16-16.12.00:460][255]LogModuleManager: Shutting down and abandoning module CustomMeshComponent (366)
[2018.04.16-16.12.00:460][255]LogModuleManager: Shutting down and abandoning module CableComponent (364)
[2018.04.16-16.12.00:469][255]LogModuleManager: Shutting down and abandoning module AudioCapture (362)
[2018.04.16-16.12.00:470][255]LogModuleManager: Shutting down and abandoning module ArchVisCharacter (360)
[2018.04.16-16.12.00:470][255]LogModuleManager: Shutting down and abandoning module AndroidPermission (358)
[2018.04.16-16.12.00:470][255]LogModuleManager: Shutting down and abandoning module NUTUnrealEngine4 (354)
[2018.04.16-16.12.00:470][255]LogModuleManager: Shutting down and abandoning module NetcodeUnitTest (352)
[2018.04.16-16.12.00:514][255]LogModuleManager: Shutting down and abandoning module MediaPlayerEditor (350)
[2018.04.16-16.12.00:554][255]LogModuleManager: Shutting down and abandoning module MediaCompositingEditor (348)
[2018.04.16-16.12.00:554][255]LogModuleManager: Shutting down and abandoning module MediaCompositing (346)
[2018.04.16-16.12.00:554][255]LogModuleManager: Shutting down and abandoning module LinearTimecode (344)
[2018.04.16-16.12.00:554][255]LogModuleManager: Shutting down and abandoning module ImgMedia (342)
[2018.04.16-16.12.00:554][255]LogModuleManager: Shutting down and abandoning module HTML5Networking (340)
[2018.04.16-16.12.00:554][255]LogModuleManager: Shutting down and abandoning module AlembicImporter (338)
[2018.04.16-16.12.00:573][255]LogModuleManager: Shutting down and abandoning module AlembicLibrary (337)
[2018.04.16-16.12.00:573][255]LogModuleManager: Shutting down and abandoning module GeometryCache (336)
[2018.04.16-16.12.00:573][255]LogModuleManager: Shutting down and abandoning module GeometryCacheEd (335)
[2018.04.16-16.12.00:573][255]LogModuleManager: Shutting down and abandoning module DatasmithContent (330)
[2018.04.16-16.12.00:573][255]LogModuleManager: Shutting down and abandoning module SpeedTreeImporter (328)
[2018.04.16-16.12.00:573][255]LogModuleManager: Shutting down and abandoning module PluginBrowser (326)
[2018.04.16-16.12.00:668][255]LogModuleManager: Shutting down and abandoning module MobileLauncherProfileWizard (324)
[2018.04.16-16.12.00:720][255]LogModuleManager: Shutting down and abandoning module CryptoKeysOpenSSL (322)
[2018.04.16-16.12.00:806][255]LogModuleManager: Shutting down and abandoning module CryptoKeys (320)
[2018.04.16-16.12.00:806][255]LogModuleManager: Shutting down and abandoning module VisualStudioSourceCodeAccess (318)
[2018.04.16-16.12.00:806][255]LogModuleManager: Shutting down and abandoning module VisualStudioCodeSourceCodeAccess (316)
[2018.04.16-16.12.00:806][255]LogModuleManager: Shutting down and abandoning module UObjectPlugin (314)
[2018.04.16-16.12.00:806][255]LogModuleManager: Shutting down and abandoning module SubversionSourceControl (312)
[2018.04.16-16.12.00:862][255]LogModuleManager: Shutting down and abandoning module PerforceSourceControl (310)
[2018.04.16-16.12.00:931][255]LogModuleManager: Shutting down and abandoning module GitSourceControl (308)
[2018.04.16-16.12.01:011][255]LogModuleManager: Shutting down and abandoning module SourceControl (307)
[2018.04.16-16.12.01:044][255]LogModuleManager: Shutting down and abandoning module CLionSourceCodeAccess (304)
[2018.04.16-16.12.01:115][255]LogModuleManager: Shutting down and abandoning module LightPropagationVolumeEditor (302)
[2018.04.16-16.12.01:115][255]LogModuleManager: Shutting down and abandoning module PaperTiledImporter (300)
[2018.04.16-16.12.01:115][255]LogModuleManager: Shutting down and abandoning module PaperSpriteSheetImporter (298)
[2018.04.16-16.12.01:115][255]LogModuleManager: Shutting down and abandoning module Paper2DEditor (296)
[2018.04.16-16.12.01:165][255]LogModuleManager: Shutting down and abandoning module MeshPaint (295)
[2018.04.16-16.12.01:174][255]LogModuleManager: Shutting down and abandoning module Projet_VsE (292)
[2018.04.16-16.12.01:174][255]LogModuleManager: Shutting down and abandoning module RuntimePhysXCooking (290)
[2018.04.16-16.12.01:174][255]LogModuleManager: Shutting down and abandoning module PhysXVehiclesEditor (288)
[2018.04.16-16.12.01:174][255]LogModuleManager: Shutting down and abandoning module PhysXVehicles (286)
[2018.04.16-16.12.01:174][255]LogModuleManager: Shutting down and abandoning module OculusEditor (284)
[2018.04.16-16.12.01:174][255]LogModuleManager: Shutting down and abandoning module LocationServicesBPLibrary (282)
[2018.04.16-16.12.01:174][255]LogModuleManager: Shutting down and abandoning module ImmediatePhysicsEditor (280)
[2018.04.16-16.12.01:174][255]LogModuleManager: Shutting down and abandoning module ImmediatePhysics (278)
[2018.04.16-16.12.01:181][255]LogModuleManager: Shutting down and abandoning module ActorSequence (276)
[2018.04.16-16.12.01:181][255]LogModuleManager: Shutting down and abandoning module UdpMessaging (274)
[2018.04.16-16.12.01:306][255]LogModuleManager: Shutting down and abandoning module TcpMessaging (272)
[2018.04.16-16.12.01:478][255]LogModuleManager: Shutting down and abandoning module GameplayTagsEditor (270)
[2018.04.16-16.12.01:503][255]LogModuleManager: Shutting down and abandoning module FacialAnimationEditor (268)
[2018.04.16-16.12.01:503][255]LogModuleManager: Shutting down and abandoning module FacialAnimation (266)
[2018.04.16-16.12.01:503][255]LogModuleManager: Shutting down and abandoning module DataValidation (264)
[2018.04.16-16.12.01:531][255]LogModuleManager: Shutting down and abandoning module AssetManagerEditor (262)
[2018.04.16-16.12.01:547][255]LogModuleManager: Shutting down and abandoning module LevelEditor (261)
[2018.04.16-16.12.01:580][255]LogModuleManager: Shutting down and abandoning module PixelInspectorModule (260)
[2018.04.16-16.12.01:588][255]LogModuleManager: Shutting down and abandoning module CommonMenuExtensions (258)
[2018.04.16-16.12.01:598][255]LogModuleManager: Shutting down and abandoning module MainFrame (256)
[2018.04.16-16.12.01:598][255]LogModuleManager: Shutting down and abandoning module HotReload (255)
[2018.04.16-16.12.01:633][255]LogDirectoryWatcher: A directory notification for 'C:/Users/Gautier/Documents/Unreal Projects/Projet_VsE/Binaries/Win64' was aborted.
[2018.04.16-16.12.01:707][255]LogModuleManager: Shutting down and abandoning module ContentBrowser (251)
[2018.04.16-16.12.01:708][255]LogModuleManager: Shutting down and abandoning module TreeMap (249)
[2018.04.16-16.12.01:767][255]LogModuleManager: Shutting down and abandoning module LightPropagationVolumeRuntime (246)
[2018.04.16-16.12.01:767][255]LogModuleManager: Shutting down and abandoning module LiveLinkEditor (244)
[2018.04.16-16.12.01:768][255]LogModuleManager: Shutting down and abandoning module LiveLink (242)
[2018.04.16-16.12.01:789][255]LogModuleManager: Shutting down and abandoning module Paper2D (240)
[2018.04.16-16.12.01:824][255]LogModuleManager: Shutting down and abandoning module WindowsMoviePlayer (238)
[2018.04.16-16.12.01:831][255]LogModuleManager: Shutting down and abandoning module WmfMedia (236)
[2018.04.16-16.12.01:865][255]LogModuleManager: Shutting down and abandoning module PacketHandler (234)
[2018.04.16-16.12.01:865][255]LogModuleManager: Shutting down and abandoning module ClothingSystemEditor (232)
[2018.04.16-16.12.01:865][255]LogModuleManager: Shutting down and abandoning module ClothingSystemRuntime (230)
[2018.04.16-16.12.01:918][255]LogModuleManager: Shutting down and abandoning module MediaAssets (228)
[2018.04.16-16.12.01:918][255]LogModuleManager: Shutting down and abandoning module Media (227)
[2018.04.16-16.12.01:924][255]LogModuleManager: Shutting down and abandoning module Overlay (224)
[2018.04.16-16.12.01:924][255]LogModuleManager: Shutting down and abandoning module OverlayEditor (223)
[2018.04.16-16.12.01:924][255]LogModuleManager: Shutting down and abandoning module VREditor (220)
[2018.04.16-16.12.01:948][255]LogModuleManager: Shutting down and abandoning module StringTableEditor (218)
[2018.04.16-16.12.01:948][255]LogModuleManager: Shutting down and abandoning module GameplayTasksEditor (216)
[2018.04.16-16.12.01:948][255]LogModuleManager: Shutting down and abandoning module BehaviorTreeEditor (214)
[2018.04.16-16.12.02:027][255]LogModuleManager: Shutting down and abandoning module FunctionalTesting (212)
[2018.04.16-16.12.02:039][255]LogModuleManager: Shutting down and abandoning module CollisionAnalyzer (210)
[2018.04.16-16.12.02:052][255]LogModuleManager: Shutting down and abandoning module WorkspaceMenuStructure (209)
[2018.04.16-16.12.02:052][255]LogModuleManager: Shutting down and abandoning module UMG (206)
[2018.04.16-16.12.02:084][255]LogModuleManager: Shutting down and abandoning module UMGEditor (205)
[2018.04.16-16.12.02:163][255]LogModuleManager: Shutting down and abandoning module Sequencer (204)
[2018.04.16-16.12.02:177][255]LogModuleManager: Shutting down and abandoning module MessageLog (201)
[2018.04.16-16.12.02:177][255]LogModuleManager: Shutting down and abandoning module SlateReflector (196)
[2018.04.16-16.12.02:361][255]LogModuleManager: Shutting down and abandoning module Slate (194)
[2018.04.16-16.12.02:361][255]LogModuleManager: Shutting down and abandoning module EditorStyle (192)
[2018.04.16-16.12.02:427][255]LogModuleManager: Shutting down and abandoning module MRMesh (190)
[2018.04.16-16.12.02:427][255]LogModuleManager: Shutting down and abandoning module SourceCodeAccess (188)
[2018.04.16-16.12.02:427][255]LogModuleManager: Shutting down and abandoning module HeadMountedDisplay (186)
[2018.04.16-16.12.02:427][255]LogModuleManager: Shutting down and abandoning module XAudio2 (184)
[2018.04.16-16.12.02:427][255]LogModuleManager: Shutting down and abandoning module Networking (182)
[2018.04.16-16.12.02:427][255]LogModuleManager: Shutting down and abandoning module Core (180)
[2018.04.16-16.12.02:427][255]LogModuleManager: Shutting down and abandoning module LevelSequence (178)
[2018.04.16-16.12.02:427][255]LogModuleManager: Shutting down and abandoning module KismetCompiler (176)
[2018.04.16-16.12.02:427][255]LogModuleManager: Shutting down and abandoning module MeshUtilities (174)
[2018.04.16-16.12.02:500][255]LogModuleManager: Shutting down and abandoning module MeshMergeUtilities (173)
[2018.04.16-16.12.02:535][255]LogModuleManager: Shutting down and abandoning module MeshReductionInterface (172)
[2018.04.16-16.12.02:535][255]LogModuleManager: Shutting down and abandoning module SimplygonSwarm (171)
[2018.04.16-16.12.02:548][255]LogModuleManager: Shutting down and abandoning module ProxyLODMeshReduction (169)
[2018.04.16-16.12.02:583][255]LogModuleManager: Shutting down and abandoning module SimplygonMeshReduction (167)
[2018.04.16-16.12.02:598][255]LogModuleManager: Shutting down and abandoning module QuadricMeshReduction (165)
[2018.04.16-16.12.02:624][255]LogModuleManager: Shutting down and abandoning module MaterialBaking (161)
[2018.04.16-16.12.02:648][255]LogModuleManager: Shutting down and abandoning module DirectoryWatcher (157)
[2018.04.16-16.12.02:648][255]LogModuleManager: Shutting down and abandoning module DerivedDataCache (154)
[2018.04.16-16.12.02:664][255]LogDerivedDataCache: Shutdown
[2018.04.16-16.12.02:664][255]LogModuleManager: Shutting down and abandoning module TargetPlatform (152)
[2018.04.16-16.12.02:664][255]LogModuleManager: Shutting down and abandoning module VulkanShaderFormat (151)
[2018.04.16-16.12.02:716][255]LogModuleManager: Shutting down and abandoning module ShaderFormatVectorVM (149)
[2018.04.16-16.12.02:746][255]LogModuleManager: Shutting down and abandoning module ShaderFormatOpenGL (147)
[2018.04.16-16.12.02:751][255]LogModuleManager: Shutting down and abandoning module ShaderFormatD3D (145)
[2018.04.16-16.12.02:761][255]LogModuleManager: Shutting down and abandoning module MetalShaderFormat (143)
[2018.04.16-16.12.02:772][255]LogModuleManager: Shutting down and abandoning module TextureFormatUncompressed (141)
[2018.04.16-16.12.02:772][255]LogModuleManager: Shutting down and abandoning module TextureFormatPVR (139)
[2018.04.16-16.12.02:772][255]LogModuleManager: Shutting down and abandoning module TextureFormatDXT (137)
[2018.04.16-16.12.02:797][255]LogModuleManager: Shutting down and abandoning module TextureFormatIntelISPCTexComp (135)
[2018.04.16-16.12.02:845][255]LogModuleManager: Shutting down and abandoning module TextureFormatASTC (133)
[2018.04.16-16.12.02:845][255]LogModuleManager: Shutting down and abandoning module ImageWrapper (132)
[2018.04.16-16.12.02:845][255]LogModuleManager: Shutting down and abandoning module TextureFormatAndroid (129)
[2018.04.16-16.12.02:845][255]LogModuleManager: Shutting down and abandoning module AudioFormatOpus (127)
[2018.04.16-16.12.02:845][255]LogModuleManager: Shutting down and abandoning module AudioFormatOgg (125)
[2018.04.16-16.12.02:845][255]LogModuleManager: Shutting down and abandoning module AudioFormatADPCM (123)
[2018.04.16-16.12.02:845][255]LogModuleManager: Shutting down and abandoning module LinuxTargetPlatform (121)
[2018.04.16-16.12.02:845][255]LogModuleManager: Shutting down and abandoning module LinuxServerTargetPlatform (119)
[2018.04.16-16.12.02:845][255]LogModuleManager: Shutting down and abandoning module LinuxNoEditorTargetPlatform (117)
[2018.04.16-16.12.02:845][255]LogModuleManager: Shutting down and abandoning module LinuxClientTargetPlatform (115)
[2018.04.16-16.12.02:845][255]LogModuleManager: Shutting down and abandoning module TVOSTargetPlatform (113)
[2018.04.16-16.12.02:845][255]LogModuleManager: Shutting down and abandoning module Messaging (111)
[2018.04.16-16.12.02:845][255]LogModuleManager: Shutting down and abandoning module IOSTargetPlatform (109)
[2018.04.16-16.12.02:845][255]LogModuleManager: Shutting down and abandoning module HTML5TargetPlatform (107)
[2018.04.16-16.12.02:845][255]LogModuleManager: Shutting down and abandoning module AndroidTargetPlatform (105)
[2018.04.16-16.12.02:845][255]LogModuleManager: Shutting down and abandoning module Android_PVRTCTargetPlatform (103)
[2018.04.16-16.12.02:845][255]LogModuleManager: Shutting down and abandoning module Android_MultiTargetPlatform (101)
[2018.04.16-16.12.02:845][255]LogModuleManager: Shutting down and abandoning module Android_ETC2TargetPlatform (99)
[2018.04.16-16.12.02:845][255]LogModuleManager: Shutting down and abandoning module Android_ETC1TargetPlatform (97)
[2018.04.16-16.12.02:845][255]LogModuleManager: Shutting down and abandoning module Android_ETC1aTargetPlatform (95)
[2018.04.16-16.12.02:845][255]LogModuleManager: Shutting down and abandoning module Android_DXTTargetPlatform (93)
[2018.04.16-16.12.02:845][255]LogModuleManager: Shutting down and abandoning module Android_ATCTargetPlatform (91)
[2018.04.16-16.12.02:845][255]LogModuleManager: Shutting down and abandoning module Android_ASTCTargetPlatform (89)
[2018.04.16-16.12.02:845][255]LogModuleManager: Shutting down and abandoning module WindowsTargetPlatform (87)
[2018.04.16-16.12.02:845][255]LogModuleManager: Shutting down and abandoning module WindowsServerTargetPlatform (85)
[2018.04.16-16.12.02:845][255]LogModuleManager: Shutting down and abandoning module WindowsNoEditorTargetPlatform (83)
[2018.04.16-16.12.02:845][255]LogModuleManager: Shutting down and abandoning module WindowsClientTargetPlatform (81)
[2018.04.16-16.12.02:845][255]LogModuleManager: Shutting down and abandoning module MacTargetPlatform (79)
[2018.04.16-16.12.02:845][255]LogModuleManager: Shutting down and abandoning module MacServerTargetPlatform (77)
[2018.04.16-16.12.02:845][255]LogModuleManager: Shutting down and abandoning module MacNoEditorTargetPlatform (75)
[2018.04.16-16.12.02:845][255]LogModuleManager: Shutting down and abandoning module MacClientTargetPlatform (73)
[2018.04.16-16.12.02:845][255]LogModuleManager: Shutting down and abandoning module AllDesktopTargetPlatform (71)
[2018.04.16-16.12.02:845][255]LogModuleManager: Shutting down and abandoning module XGEController (68)
[2018.04.16-16.12.02:845][255]LogModuleManager: Shutting down and abandoning module InputCore (66)
[2018.04.16-16.12.02:845][255]LogModuleManager: Shutting down and abandoning module Settings (64)
[2018.04.16-16.12.02:845][255]LogModuleManager: Shutting down and abandoning module PhysXCooking (62)
[2018.04.16-16.12.02:845][255]LogModuleManager: Shutting down and abandoning module SteamVR (60)
[2018.04.16-16.12.02:845][255]LogModuleManager: Shutting down and abandoning module OculusHMD (58)
[2018.04.16-16.12.02:867][255]LogModuleManager: Shutting down and abandoning module ExampleDeviceProfileSelector (56)
[2018.04.16-16.12.02:867][255]LogModuleManager: Shutting down and abandoning module AppleARKit (54)
[2018.04.16-16.12.02:867][255]LogModuleManager: Shutting down and abandoning module AugmentedReality (51)
[2018.04.16-16.12.02:867][255]LogModuleManager: Shutting down and abandoning module OnlineBlueprintSupport (48)
[2018.04.16-16.12.02:867][255]LogModuleManager: Shutting down and abandoning module OnlineSubsystem (44)
[2018.04.16-16.12.03:101][255]LogModuleManager: Shutting down and abandoning module XMPP (43)
[2018.04.16-16.12.03:184][255]LogModuleManager: Shutting down and abandoning module HTTP (41)
[2018.04.16-16.12.03:192][255]LogHttp: Display: Http module shutting down, but needs to wait on 1 outstanding Http requests:
[2018.04.16-16.12.03:192][255]LogHttp: Display: 	verb=[POST] url=[https://datarouter.ol.epicgames.com/datarouter/api/v1/public/data?SessionID=%7B2E1E22F9-46D8-B6D4-A0FA-3DB62D22F826%7D&AppID=UEEditor.Rocket.Release&AppVersion=4.19.0-3898826%2B%2B%2BUE4%2BRelease-4.19&UserID=beb309b043636042f153ad8dc8d92812%7C2b02d77b151b45e1a4bcfabb04174ec6%7Ce04f848a-6a21-480a-b281-923bc15fbc37&AppEnvironment=datacollector-binary&UploadType=eteventstream] status=Processing
[2018.04.16-16.12.03:218][255]LogModuleManager: Shutting down and abandoning module SSL (40)
[2018.04.16-16.12.03:262][255]LogModuleManager: Shutting down and abandoning module AnimationModifiers (36)
[2018.04.16-16.12.03:288][255]LogModuleManager: Shutting down and abandoning module PropertyEditor (35)
[2018.04.16-16.12.03:358][255]LogModuleManager: Shutting down and abandoning module AudioEditor (32)
[2018.04.16-16.12.03:398][255]LogModuleManager: Shutting down and abandoning module TextureCompressor (30)
[2018.04.16-16.12.03:512][255]LogModuleManager: Shutting down and abandoning module ShaderCore (28)
[2018.04.16-16.12.03:512][255]LogModuleManager: Shutting down and abandoning module Landscape (26)
[2018.04.16-16.12.03:512][255]LogModuleManager: Shutting down and abandoning module SlateRHIRenderer (24)
[2018.04.16-16.12.03:576][255]LogModuleManager: Shutting down and abandoning module OpenGLDrv (22)
[2018.04.16-16.12.03:619][255]LogModuleManager: Shutting down and abandoning module D3D11RHI (20)
[2018.04.16-16.12.03:619][255]LogModuleManager: Shutting down and abandoning module AnimGraphRuntime (18)
[2018.04.16-16.12.03:640][255]LogModuleManager: Shutting down and abandoning module Renderer (16)
[2018.04.16-16.12.03:640][255]LogModuleManager: Shutting down and abandoning module Engine (14)
[2018.04.16-16.12.03:640][255]LogModuleManager: Shutting down and abandoning module CoreUObject (12)
[2018.04.16-16.12.03:640][255]LogModuleManager: Shutting down and abandoning module NetworkFile (10)
[2018.04.16-16.12.03:654][255]LogModuleManager: Shutting down and abandoning module CookedIterativeFile (8)
[2018.04.16-16.12.03:654][255]LogModuleManager: Shutting down and abandoning module StreamingFile (6)
[2018.04.16-16.12.03:664][255]LogModuleManager: Shutting down and abandoning module SandboxFile (4)
[2018.04.16-16.12.03:704][255]LogModuleManager: Shutting down and abandoning module PakFile (2)
[2018.04.16-16.12.03:743][255]LogExit: Exiting.
[2018.04.16-16.12.03:809][255]Log file closed, 04/16/18 18:12:03
